<?xml version="1.0" encoding="UTF-8"?>
<testsuite name="com.hillel.CalculatorTest" tests="2" skipped="0" failures="0" errors="0" timestamp="2017-11-15T19:11:21" hostname="Class6-2PC" time="0.002">
  <properties/>
  <testcase name="shouldAddNumbers" classname="com.hillel.CalculatorTest" time="0.002"/>
  <testcase name="shouldSubtractNumbers" classname="com.hillel.CalculatorTest" time="0.0"/>
  <system-out><![CDATA[]]></system-out>
  <system-err><![CDATA[]]></system-err>
</testsuite>
